<?xml version="1.0" encoding="UTF-8"?>
<!-- Generated by org.testng.reporters.JUnitReportReporter -->
<testsuite hostname="LAPTOP-8FM6JVUV" failures="0" tests="1" name="Assignments.swipeGestureAssignment" time="15.085" errors="0" timestamp="2025-06-17T13:09:41 IST" skipped="0">
  <testcase classname="Assignments.swipeGestureAssignment" name="testSwipeGesture" time="15.085"/>
</testsuite> <!-- Assignments.swipeGestureAssignment -->
