<?xml version="1.0" encoding="UTF-8"?>
<!-- Generated by org.testng.reporters.JUnitReportReporter -->
<testsuite hostname="LAPTOP-8FM6JVUV" failures="0" tests="1" name="MobileEvents.longClickGestures" time="19.176" errors="0" timestamp="2025-06-13T16:12:01 IST" skipped="0">
  <testcase classname="MobileEvents.longClickGestures" name="testLongClickGestures" time="19.176"/>
</testsuite> <!-- MobileEvents.longClickGestures -->
