<?xml version="1.0" encoding="UTF-8"?>
<!-- Generated by org.testng.reporters.JUnitReportReporter -->
<testsuite hostname="LAPTOP-8FM6JVUV" failures="0" tests="1" name="appium_androidSpecificOperations.AutomateAppCommands" time="39.550" errors="0" timestamp="2025-06-18T12:39:09 IST" skipped="0">
  <testcase classname="appium_androidSpecificOperations.AutomateAppCommands" name="testAppCommands" time="39.550"/>
</testsuite> <!-- appium_androidSpecificOperations.AutomateAppCommands -->
