<?xml version="1.0" encoding="UTF-8"?>
<!-- Generated by org.testng.reporters.JUnitReportReporter -->
<testsuite hostname="LAPTOP-8FM6JVUV" failures="0" tests="1" name="appium_androidSpecificOperations.lock_unlockfunctions" time="15.629" errors="0" timestamp="2025-06-17T12:15:33 IST" skipped="0">
  <testcase classname="appium_androidSpecificOperations.lock_unlockfunctions" name="testLockUnlockFunctions" time="15.629"/>
</testsuite> <!-- appium_androidSpecificOperations.lock_unlockfunctions -->
