<?xml version="1.0" encoding="UTF-8"?>
<!-- Generated by org.testng.reporters.JUnitReportReporter -->
<testsuite hostname="LAPTOP-8FM6JVUV" failures="0" tests="1" name="Assignments.alertAssignment" time="17.421" errors="0" timestamp="2025-06-17T13:27:34 IST" skipped="0">
  <testcase classname="Assignments.alertAssignment" name="testAlerts" time="17.421"/>
</testsuite> <!-- Assignments.alertAssignment -->
