<?xml version="1.0" encoding="UTF-8"?>
<!-- Generated by org.testng.reporters.JUnitReportReporter -->
<testsuite hostname="DESKTOP-H41JRIE" failures="0" tests="1" name="appiumConnectionSetups.CreateAppiumSessionWithUIAutomation2" time="26.294" errors="0" timestamp="2025-06-13T12:59:10 IST" skipped="0">
  <testcase classname="appiumConnectionSetups.CreateAppiumSessionWithUIAutomation2" name="createAppiumConnectionWithUIA2" time="26.294"/>
  <system-out/>
</testsuite> <!-- appiumConnectionSetups.CreateAppiumSessionWithUIAutomation2 -->
