<?xml version="1.0" encoding="UTF-8"?>
<!-- Generated by org.testng.reporters.JUnitReportReporter -->
<testsuite hostname="LAPTOP-8FM6JVUV" failures="0" tests="1" name="MobileEvents.scrollGesturesOnAppium" time="18.932" errors="0" timestamp="2025-06-17T11:30:37 IST" skipped="0">
  <testcase classname="MobileEvents.scrollGesturesOnAppium" name="testScrollGesture" time="18.932"/>
</testsuite> <!-- MobileEvents.scrollGesturesOnAppium -->
