<?xml version="1.0" encoding="UTF-8"?>
<!-- Generated by org.testng.reporters.JUnitReportReporter -->
<testsuite hostname="LAPTOP-8FM6JVUV" failures="0" tests="1" name="StarAgileAssgnments.Assignment4" time="14.554" errors="0" timestamp="2025-06-18T13:22:58 IST" skipped="0">
  <testcase classname="StarAgileAssgnments.Assignment4" name="testInstallingAPP" time="14.554"/>
</testsuite> <!-- StarAgileAssgnments.Assignment4 -->
