<?xml version="1.0" encoding="UTF-8"?>
<!-- Generated by org.testng.reporters.JUnitReportReporter -->
<testsuite hostname="LAPTOP-8FM6JVUV" failures="0" tests="1" name="appium_androidSpecificOperations.wifiDataNotifications" time="19.360" errors="0" timestamp="2025-06-17T12:42:03 IST" skipped="0">
  <testcase classname="appium_androidSpecificOperations.wifiDataNotifications" name="testWifiDataNotificationAndroidSpecifications" time="19.360"/>
</testsuite> <!-- appium_androidSpecificOperations.wifiDataNotifications -->
