<?xml version="1.0" encoding="UTF-8"?>
<!-- Generated by org.testng.reporters.JUnitReportReporter -->
<testsuite hostname="DESKTOP-H41JRIE" failures="0" tests="1" name="appiumConnectionSetups.CreateAppiumConnectionUsingDC" time="184.571" errors="0" timestamp="2025-06-13T12:54:53 IST" skipped="0">
  <testcase classname="appiumConnectionSetups.CreateAppiumConnectionUsingDC" name="createAppiumCnction" time="184.571"/>
  <system-out/>
</testsuite> <!-- appiumConnectionSetups.CreateAppiumConnectionUsingDC -->
