<?xml version="1.0" encoding="UTF-8"?>
<!-- Generated by org.testng.reporters.JUnitReportReporter -->
<testsuite hostname="LAPTOP-8FM6JVUV" failures="0" tests="1" name="StarAgileAssgnments.Assignment3" time="10.909" errors="0" timestamp="2025-06-18T12:57:26 IST" skipped="0">
  <testcase classname="StarAgileAssgnments.Assignment3" name="appUninstallTest" time="10.909"/>
</testsuite> <!-- StarAgileAssgnments.Assignment3 -->
