<?xml version="1.0" encoding="UTF-8"?>
<!-- Generated by org.testng.reporters.JUnitReportReporter -->
<testsuite hostname="LAPTOP-8FM6JVUV" failures="0" tests="1" name="LocatorStrategyInAppium.testMobileLocator" time="25.397" errors="0" timestamp="2025-06-13T15:35:29 IST" skipped="0">
  <testcase classname="LocatorStrategyInAppium.testMobileLocator" name="testAppiumLocator" time="25.397"/>
</testsuite> <!-- LocatorStrategyInAppium.testMobileLocator -->
