<?xml version="1.0" encoding="UTF-8"?>
<!-- Generated by org.testng.reporters.JUnitReportReporter -->
<testsuite hostname="LAPTOP-8FM6JVUV" failures="0" tests="1" name="StarAgileAssgnments.Assignment2" time="10.582" errors="0" timestamp="2025-06-18T13:09:13 IST" skipped="0">
  <testcase classname="StarAgileAssgnments.Assignment2" name="appStateTest" time="10.582"/>
</testsuite> <!-- StarAgileAssgnments.Assignment2 -->
