<?xml version="1.0" encoding="UTF-8"?>
<!-- Generated by org.testng.reporters.JUnitReportReporter -->
<testsuite hostname="LAPTOP-8FM6JVUV" failures="0" tests="1" name="StarAgileAssgnments.Assignment1" time="31.791" errors="0" timestamp="2025-06-18T13:39:54 IST" skipped="0">
  <testcase classname="StarAgileAssgnments.Assignment1" name="ConnectAndroidDevice" time="31.791"/>
</testsuite> <!-- StarAgileAssgnments.Assignment1 -->
