<?xml version="1.0" encoding="UTF-8"?>
<!-- Generated by org.testng.reporters.JUnitReportReporter -->
<testsuite hostname="LAPTOP-8FM6JVUV" failures="0" tests="1" name="MobileEvents.textFieldOnAppium" time="18.674" errors="0" timestamp="2025-06-17T12:10:28 IST" skipped="0">
  <testcase classname="MobileEvents.textFieldOnAppium" name="testSendKeysOnAppium" time="18.674"/>
</testsuite> <!-- MobileEvents.textFieldOnAppium -->
