<?xml version="1.0" encoding="UTF-8"?>
<!-- Generated by org.testng.reporters.JUnitReportReporter -->
<testsuite hostname="LAPTOP-8FM6JVUV" failures="0" tests="1" name="StarAgileAssgnments.Assignment6" time="10.539" errors="0" timestamp="2025-06-18T13:25:10 IST" skipped="0">
  <testcase classname="StarAgileAssgnments.Assignment6" name="captureScreenshot" time="10.539"/>
</testsuite> <!-- StarAgileAssgnments.Assignment6 -->
