<?xml version="1.0" encoding="UTF-8"?>
<!-- Generated by org.testng.reporters.JUnitReportReporter -->
<testsuite hostname="LAPTOP-8FM6JVUV" failures="0" tests="1" name="StarAgileAssgnments.Assignment5" time="16.927" errors="0" timestamp="2025-06-18T13:24:26 IST" skipped="0">
  <testcase classname="StarAgileAssgnments.Assignment5" name="dragAndDropTest" time="16.927"/>
</testsuite> <!-- StarAgileAssgnments.Assignment5 -->
