<?xml version="1.0" encoding="UTF-8"?>
<!-- Generated by org.testng.reporters.JUnitReportReporter -->
<testsuite hostname="LAPTOP-8FM6JVUV" failures="0" tests="1" name="MobileEvents.dragnDropGestures" time="15.175" errors="0" timestamp="2025-06-17T11:41:23 IST" skipped="0">
  <testcase classname="MobileEvents.dragnDropGestures" name="testDragnDropGesture" time="15.175"/>
</testsuite> <!-- MobileEvents.dragnDropGestures -->
