<?xml version="1.0" encoding="UTF-8"?>
<!-- Generated by org.testng.reporters.JUnitReportReporter -->
<testsuite hostname="LAPTOP-8FM6JVUV" failures="0" tests="1" name="appium_androidSpecificOperations.testIdemoAppMobileDevicePerformance" time="6.392" errors="0" timestamp="2025-06-17T12:51:17 IST" skipped="0">
  <testcase classname="appium_androidSpecificOperations.testIdemoAppMobileDevicePerformance" name="testAppPerformanceData" time="6.392"/>
</testsuite> <!-- appium_androidSpecificOperations.testIdemoAppMobileDevicePerformance -->
