<?xml version="1.0" encoding="UTF-8"?>
<!-- Generated by org.testng.reporters.JUnitReportReporter -->
<testsuite hostname="LAPTOP-8FM6JVUV" failures="0" tests="1" name="MobileEvents.clickGestures" time="8.186" errors="0" timestamp="2025-06-17T12:02:29 IST" skipped="0">
  <testcase classname="MobileEvents.clickGestures" name="testClickGestures" time="8.186"/>
</testsuite> <!-- MobileEvents.clickGestures -->
